
********************************************************************************
                            Git Achievement Unlocked!                            

                                     Student                                     
       Accessed the documentation for a command with git [command] --help       
********************************************************************************


********************************************************************************
                            Git Achievement Unlocked!                            

                                 Garage Inventor                                 
                      Used a custom alias for a Git command                      
********************************************************************************


********************************************************************************
                            Git Achievement Unlocked!                            

                         Apprentice Socialite (Level 1)                         
              pushed a branch to a remote repository using git push              
********************************************************************************


********************************************************************************
                            Git Achievement Unlocked!                            

                         Apprentice Historian (Level 1)                         
                    Investigate the commit log using git log.                    
********************************************************************************


********************************************************************************
                            Git Achievement Unlocked!                            

                                    Baptised                                    
                     Set global user name using git config.                     
********************************************************************************


********************************************************************************
                            Git Achievement Unlocked!                            

                                    Homeowner                                    
                   Set global email address using git config.                   
********************************************************************************


********************************************************************************
                            Git Achievement Unlocked!                            

                      Apprentice Chimney Sweeper (Level 1)                      
  Used git gc to run a number of housekeeping tasks on the current repository.  
********************************************************************************


********************************************************************************
                            Git Achievement Unlocked!                            

                         Apprentice Socialite (Level 2)                         
              pushed a branch to a remote repository using git push              
********************************************************************************


********************************************************************************
                            Git Achievement Unlocked!                            

                           Apprentice Author (Level 1)                           
                     Made 2^Level commits using git commit.                     
********************************************************************************


********************************************************************************
                            Git Achievement Unlocked!                            

                          Apprentice Pedantic (Level 1)                          
 Use the flow extension to encourage an orderly and standardized branching model 
********************************************************************************


********************************************************************************
                            Git Achievement Unlocked!                            

                         Apprentice Historian (Level 2)                         
                    Investigate the commit log using git log.                    
********************************************************************************


********************************************************************************
                            Git Achievement Unlocked!                            

                          Apprentice Pedantic (Level 2)                          
 Use the flow extension to encourage an orderly and standardized branching model 
********************************************************************************


********************************************************************************
                            Git Achievement Unlocked!                            

                        Apprentice Stone Mason (Level 1)                        
   Added files to the index area for inclusion in the next commit with git add   
********************************************************************************


********************************************************************************
                            Git Achievement Unlocked!                            

                                    Caretaker                                    
                    Added a .gitignore file to a repository.                    
********************************************************************************


********************************************************************************
                            Git Achievement Unlocked!                            

                        Apprentice Stone Mason (Level 2)                        
   Added files to the index area for inclusion in the next commit with git add   
********************************************************************************


********************************************************************************
                            Git Achievement Unlocked!                            

                         Apprentice Socialite (Level 3)                         
              pushed a branch to a remote repository using git push              
********************************************************************************


********************************************************************************
                            Git Achievement Unlocked!                            

                      Apprentice Chimney Sweeper (Level 2)                      
  Used git gc to run a number of housekeeping tasks on the current repository.  
********************************************************************************


********************************************************************************
                            Git Achievement Unlocked!                            

                          Apprentice Pedantic (Level 3)                          
 Use the flow extension to encourage an orderly and standardized branching model 
********************************************************************************


********************************************************************************
                            Git Achievement Unlocked!                            

                        Apprentice Stone Mason (Level 3)                        
   Added files to the index area for inclusion in the next commit with git add   
********************************************************************************


********************************************************************************
                            Git Achievement Unlocked!                            

                           Apprentice Author (Level 2)                           
                     Made 2^Level commits using git commit.                     
********************************************************************************


********************************************************************************
                            Git Achievement Unlocked!                            

<<<<<<< HEAD
                      Apprentice Chimney Sweeper (Level 3)                      
  Used git gc to run a number of housekeeping tasks on the current repository.  
=======
                       Apprentice Cleaning lady (Level 1)                       
           Remove untracked files from the working tree with git clean           
>>>>>>> Latest Log
********************************************************************************


********************************************************************************
                            Git Achievement Unlocked!                            

<<<<<<< HEAD
                         Apprentice Architect (Level 1)                         
                     Created a new repository with git init.                     
=======
                         Apprentice Historian (Level 3)                         
                    Investigate the commit log using git log.                    
>>>>>>> Latest Log
********************************************************************************


********************************************************************************
                            Git Achievement Unlocked!                            

<<<<<<< HEAD
                               Let there be light                               
                            Commit without a parent.                            
=======
                              Stone Mason (Level 4)                              
   Added files to the index area for inclusion in the next commit with git add   
>>>>>>> Latest Log
********************************************************************************


********************************************************************************
                            Git Achievement Unlocked!                            

<<<<<<< HEAD
                         Apprentice Architect (Level 2)                         
                     Created a new repository with git init.                     
********************************************************************************


********************************************************************************
                            Git Achievement Unlocked!                            

                           Apprentice Author (Level 3)                           
                     Made 2^Level commits using git commit.                     
********************************************************************************


********************************************************************************
                            Git Achievement Unlocked!                            

                               Pedantic (Level 4)                               
 Use the flow extension to encourage an orderly and standardized branching model 
********************************************************************************


********************************************************************************
                            Git Achievement Unlocked!                            

                      Apprentice Product Manager (Level 2)                      
       Stash the changes in a dirty working directory away with git stash.       
=======
                         Apprentice Archivist (Level 1)                         
 Prepare each commit with its patch in one file per commit with git format-patch 
>>>>>>> Latest Log
********************************************************************************

