help
Date: Fri Jan  6 12:32:20 PST 2012
achievements
Date: Fri Jan  6 12:34:31 PST 2012
achievements -p
Date: Fri Jan  6 12:35:02 PST 2012
achievements --help
Date: Fri Jan  6 12:38:07 PST 2012
symbolic-ref HEAD
Date: Fri Jan  6 13:06:17 PST 2012
rev-parse --is-inside-git-dir
Date: Fri Jan  6 13:06:18 PST 2012
rev-parse --is-inside-work-tree
Date: Fri Jan  6 13:06:18 PST 2012
log
Date: Fri Jan  6 13:06:22 PST 2012
symbolic-ref HEAD
Date: Fri Jan  6 13:06:23 PST 2012
rev-parse --is-inside-git-dir
Date: Fri Jan  6 13:06:23 PST 2012
rev-parse --is-inside-work-tree
Date: Fri Jan  6 13:06:24 PST 2012
symbolic-ref HEAD
Date: Fri Jan  6 13:06:26 PST 2012
rev-parse --is-inside-git-dir
Date: Fri Jan  6 13:06:27 PST 2012
rev-parse --is-inside-work-tree
Date: Fri Jan  6 13:06:27 PST 2012
symbolic-ref HEAD
Date: Fri Jan  6 13:06:34 PST 2012
rev-parse --is-inside-git-dir
Date: Fri Jan  6 13:06:35 PST 2012
rev-parse --is-inside-work-tree
Date: Fri Jan  6 13:06:35 PST 2012
achievements
Date: Fri Jan  6 13:06:40 PST 2012
symbolic-ref HEAD
Date: Fri Jan  6 13:06:40 PST 2012
rev-parse --is-inside-git-dir
Date: Fri Jan  6 13:06:41 PST 2012
rev-parse --is-inside-work-tree
Date: Fri Jan  6 13:06:41 PST 2012
achievements -l
Date: Fri Jan  6 13:06:43 PST 2012
symbolic-ref HEAD
Date: Fri Jan  6 13:06:44 PST 2012
rev-parse --is-inside-git-dir
Date: Fri Jan  6 13:06:44 PST 2012
rev-parse --is-inside-work-tree
Date: Fri Jan  6 13:06:45 PST 2012
symbolic-ref HEAD
Date: Fri Jan  6 14:59:50 PST 2012
rev-parse --is-inside-git-dir
Date: Fri Jan  6 14:59:51 PST 2012
rev-parse --is-inside-work-tree
Date: Fri Jan  6 14:59:51 PST 2012
stash drop
Date: Fri Jan  6 14:59:57 PST 2012
symbolic-ref HEAD
Date: Fri Jan  6 14:59:58 PST 2012
rev-parse --is-inside-git-dir
Date: Fri Jan  6 14:59:59 PST 2012
rev-parse --is-inside-work-tree
Date: Fri Jan  6 14:59:59 PST 2012
status 
Date: Fri Jan  6 15:00:06 PST 2012
symbolic-ref HEAD
Date: Fri Jan  6 15:00:34 PST 2012
rev-parse --is-inside-git-dir
Date: Fri Jan  6 15:00:35 PST 2012
rev-parse --is-inside-work-tree
Date: Fri Jan  6 15:00:35 PST 2012
branch -a
Date: Fri Jan  6 15:01:37 PST 2012
symbolic-ref HEAD
Date: Fri Jan  6 15:01:37 PST 2012
rev-parse --is-inside-git-dir
Date: Fri Jan  6 15:01:38 PST 2012
rev-parse --is-inside-work-tree
Date: Fri Jan  6 15:01:38 PST 2012
help stash
Date: Fri Jan  6 15:04:18 PST 2012
symbolic-ref HEAD
Date: Fri Jan  6 15:04:19 PST 2012
rev-parse --is-inside-git-dir
Date: Fri Jan  6 15:04:19 PST 2012
rev-parse --is-inside-work-tree
Date: Fri Jan  6 15:04:20 PST 2012
push origin :feature/eraser-swatch
Date: Fri Jan  6 15:05:17 PST 2012
symbolic-ref HEAD
Date: Fri Jan  6 15:05:18 PST 2012
rev-parse --is-inside-git-dir
Date: Fri Jan  6 15:05:18 PST 2012
rev-parse --is-inside-work-tree
Date: Fri Jan  6 15:05:19 PST 2012
branch -a
Date: Fri Jan  6 15:05:28 PST 2012
symbolic-ref HEAD
Date: Fri Jan  6 15:05:29 PST 2012
rev-parse --is-inside-git-dir
Date: Fri Jan  6 15:05:29 PST 2012
rev-parse --is-inside-work-tree
Date: Fri Jan  6 15:05:30 PST 2012
push
Date: Fri Jan  6 15:05:39 PST 2012
symbolic-ref HEAD
Date: Fri Jan  6 15:05:57 PST 2012
rev-parse --is-inside-git-dir
Date: Fri Jan  6 15:05:58 PST 2012
rev-parse --is-inside-work-tree
Date: Fri Jan  6 15:05:58 PST 2012
symbolic-ref HEAD
Date: Fri Jan  6 15:06:16 PST 2012
rev-parse --is-inside-git-dir
Date: Fri Jan  6 15:06:16 PST 2012
rev-parse --is-inside-work-tree
Date: Fri Jan  6 15:06:17 PST 2012
symbolic-ref HEAD
Date: Fri Jan  6 15:06:17 PST 2012
rev-parse --is-inside-git-dir
Date: Fri Jan  6 15:06:18 PST 2012
rev-parse --is-inside-work-tree
Date: Fri Jan  6 15:06:18 PST 2012
pull
Date: Fri Jan  6 15:06:21 PST 2012
symbolic-ref HEAD
Date: Fri Jan  6 15:06:22 PST 2012
rev-parse --is-inside-git-dir
Date: Fri Jan  6 15:06:23 PST 2012
rev-parse --is-inside-work-tree
Date: Fri Jan  6 15:06:23 PST 2012
--git-dir=.git config --get alias.br
Date: Fri Jan  6 15:08:38 PST 2012
--git-dir=.git config --get alias.br
Date: Fri Jan  6 15:08:39 PST 2012
--git-dir=.git config --get alias.br
Date: Fri Jan  6 15:08:39 PST 2012
--git-dir=.git config --get alias.br
Date: Fri Jan  6 15:08:41 PST 2012
--git-dir=.git config --get alias.br
Date: Fri Jan  6 15:08:41 PST 2012
--git-dir=.git config --get alias.br
Date: Fri Jan  6 15:08:45 PST 2012
--git-dir=.git config --get alias.br
Date: Fri Jan  6 15:08:46 PST 2012
--git-dir=.git config --get alias.br
Date: Fri Jan  6 15:08:46 PST 2012
--git-dir=.git config --get alias.br
Date: Fri Jan  6 15:08:47 PST 2012
symbolic-ref HEAD
Date: Fri Jan  6 15:08:51 PST 2012
rev-parse --is-inside-git-dir
Date: Fri Jan  6 15:08:52 PST 2012
rev-parse --is-inside-work-tree
Date: Fri Jan  6 15:08:52 PST 2012
branch -a
Date: Fri Jan  6 15:09:01 PST 2012
symbolic-ref HEAD
Date: Fri Jan  6 15:09:02 PST 2012
rev-parse --is-inside-git-dir
Date: Fri Jan  6 15:09:02 PST 2012
rev-parse --is-inside-work-tree
Date: Fri Jan  6 15:09:03 PST 2012
symbolic-ref HEAD
Date: Fri Jan  6 15:09:14 PST 2012
rev-parse --is-inside-git-dir
Date: Fri Jan  6 15:09:14 PST 2012
rev-parse --is-inside-work-tree
Date: Fri Jan  6 15:09:15 PST 2012
symbolic-ref HEAD
Date: Fri Jan  6 15:09:17 PST 2012
rev-parse --is-inside-git-dir
Date: Fri Jan  6 15:09:18 PST 2012
rev-parse --is-inside-work-tree
Date: Fri Jan  6 15:09:18 PST 2012
branch -D feature/eraser-swatch
Date: Fri Jan  6 15:09:37 PST 2012
symbolic-ref HEAD
Date: Fri Jan  6 15:09:38 PST 2012
rev-parse --is-inside-git-dir
Date: Fri Jan  6 15:09:38 PST 2012
rev-parse --is-inside-work-tree
Date: Fri Jan  6 15:09:39 PST 2012
flow feature start one-drawing-layer
Date: Fri Jan  6 15:10:10 PST 2012
symbolic-ref HEAD
Date: Fri Jan  6 15:10:11 PST 2012
rev-parse --is-inside-git-dir
Date: Fri Jan  6 15:10:11 PST 2012
rev-parse --is-inside-work-tree
Date: Fri Jan  6 15:10:12 PST 2012
checkout development
Date: Fri Jan  6 15:10:27 PST 2012
symbolic-ref HEAD
Date: Fri Jan  6 15:10:28 PST 2012
rev-parse --is-inside-git-dir
Date: Fri Jan  6 15:10:29 PST 2012
rev-parse --is-inside-work-tree
Date: Fri Jan  6 15:10:29 PST 2012
--git-dir=.git config --get alias.co
Date: Fri Jan  6 15:10:36 PST 2012
--git-dir=.git config --get alias.co
Date: Fri Jan  6 15:10:36 PST 2012
--git-dir=.git config --get alias.co
Date: Fri Jan  6 15:10:38 PST 2012
--git-dir=.git config --get alias.co
Date: Fri Jan  6 15:10:40 PST 2012
checkout feature/one-drawing-layer
Date: Fri Jan  6 15:10:41 PST 2012
symbolic-ref HEAD
Date: Fri Jan  6 15:10:41 PST 2012
rev-parse --is-inside-git-dir
Date: Fri Jan  6 15:10:42 PST 2012
rev-parse --is-inside-work-tree
Date: Fri Jan  6 15:10:42 PST 2012
branch -a
Date: Fri Jan  6 15:10:45 PST 2012
symbolic-ref HEAD
Date: Fri Jan  6 15:10:46 PST 2012
rev-parse --is-inside-git-dir
Date: Fri Jan  6 15:10:46 PST 2012
rev-parse --is-inside-work-tree
Date: Fri Jan  6 15:10:47 PST 2012
status 
Date: Fri Jan  6 15:10:49 PST 2012
symbolic-ref HEAD
Date: Fri Jan  6 15:10:49 PST 2012
rev-parse --is-inside-git-dir
Date: Fri Jan  6 15:10:50 PST 2012
rev-parse --is-inside-work-tree
Date: Fri Jan  6 15:10:50 PST 2012
diff
Date: Fri Jan  6 15:10:53 PST 2012
symbolic-ref HEAD
Date: Fri Jan  6 15:10:54 PST 2012
rev-parse --is-inside-git-dir
Date: Fri Jan  6 15:10:54 PST 2012
rev-parse --is-inside-work-tree
Date: Fri Jan  6 15:10:54 PST 2012
diff src/org/mbayaq/util/WindowManager.as
Date: Fri Jan  6 15:11:10 PST 2012
symbolic-ref HEAD
Date: Fri Jan  6 15:11:11 PST 2012
rev-parse --is-inside-git-dir
Date: Fri Jan  6 15:11:11 PST 2012
rev-parse --is-inside-work-tree
Date: Fri Jan  6 15:11:12 PST 2012
help diff
Date: Fri Jan  6 15:11:27 PST 2012
symbolic-ref HEAD
Date: Fri Jan  6 15:11:27 PST 2012
rev-parse --is-inside-git-dir
Date: Fri Jan  6 15:11:28 PST 2012
rev-parse --is-inside-work-tree
Date: Fri Jan  6 15:11:28 PST 2012
help config
Date: Fri Jan  6 15:13:20 PST 2012
symbolic-ref HEAD
Date: Fri Jan  6 15:13:21 PST 2012
rev-parse --is-inside-git-dir
Date: Fri Jan  6 15:13:21 PST 2012
rev-parse --is-inside-work-tree
Date: Fri Jan  6 15:13:22 PST 2012
symbolic-ref HEAD
Date: Fri Jan  6 15:16:06 PST 2012
rev-parse --is-inside-git-dir
Date: Fri Jan  6 15:16:06 PST 2012
rev-parse --is-inside-work-tree
Date: Fri Jan  6 15:16:07 PST 2012
log
Date: Fri Jan  6 15:18:43 PST 2012
symbolic-ref HEAD
Date: Fri Jan  6 15:19:00 PST 2012
rev-parse --is-inside-git-dir
Date: Fri Jan  6 15:19:01 PST 2012
rev-parse --is-inside-work-tree
Date: Fri Jan  6 15:19:01 PST 2012
config --global user.name Craig W. Mink
Date: Fri Jan  6 15:29:19 PST 2012
config --global user.email cmink@mbayaq.org
Date: Fri Jan  6 15:29:57 PST 2012
symbolic-ref HEAD
Date: Fri Jan  6 15:31:36 PST 2012
rev-parse --is-inside-git-dir
Date: Fri Jan  6 15:31:36 PST 2012
rev-parse --is-inside-work-tree
Date: Fri Jan  6 15:31:37 PST 2012
log --graph 
Date: Fri Jan  6 15:31:49 PST 2012
symbolic-ref HEAD
Date: Fri Jan  6 15:31:49 PST 2012
rev-parse --is-inside-git-dir
Date: Fri Jan  6 15:31:50 PST 2012
rev-parse --is-inside-work-tree
Date: Fri Jan  6 15:31:50 PST 2012
status 
Date: Fri Jan  6 15:32:08 PST 2012
symbolic-ref HEAD
Date: Fri Jan  6 15:32:09 PST 2012
rev-parse --is-inside-git-dir
Date: Fri Jan  6 15:32:09 PST 2012
rev-parse --is-inside-work-tree
Date: Fri Jan  6 15:32:10 PST 2012
diff
Date: Fri Jan  6 15:32:15 PST 2012
symbolic-ref HEAD
Date: Fri Jan  6 15:32:16 PST 2012
rev-parse --is-inside-git-dir
Date: Fri Jan  6 15:32:16 PST 2012
rev-parse --is-inside-work-tree
Date: Fri Jan  6 15:32:17 PST 2012
status 
Date: Fri Jan  6 15:32:53 PST 2012
symbolic-ref HEAD
Date: Fri Jan  6 15:32:54 PST 2012
rev-parse --is-inside-git-dir
Date: Fri Jan  6 15:32:54 PST 2012
rev-parse --is-inside-work-tree
Date: Fri Jan  6 15:32:55 PST 2012
commit -m Adding debug conditionals to run debug code only in debug mode.
Date: Fri Jan  6 15:33:50 PST 2012
symbolic-ref HEAD
Date: Fri Jan  6 15:33:51 PST 2012
rev-parse --is-inside-git-dir
Date: Fri Jan  6 15:33:51 PST 2012
rev-parse --is-inside-work-tree
Date: Fri Jan  6 15:33:52 PST 2012
status 
Date: Fri Jan  6 15:33:57 PST 2012
symbolic-ref HEAD
Date: Fri Jan  6 15:33:58 PST 2012
rev-parse --is-inside-git-dir
Date: Fri Jan  6 15:33:58 PST 2012
rev-parse --is-inside-work-tree
Date: Fri Jan  6 15:33:59 PST 2012
push
Date: Fri Jan  6 15:34:04 PST 2012
symbolic-ref HEAD
Date: Fri Jan  6 15:34:05 PST 2012
rev-parse --is-inside-git-dir
Date: Fri Jan  6 15:34:05 PST 2012
rev-parse --is-inside-work-tree
Date: Fri Jan  6 15:34:06 PST 2012
gc
Date: Fri Jan  6 15:34:11 PST 2012
symbolic-ref HEAD
Date: Fri Jan  6 15:34:12 PST 2012
rev-parse --is-inside-git-dir
Date: Fri Jan  6 15:34:12 PST 2012
rev-parse --is-inside-work-tree
Date: Fri Jan  6 15:34:13 PST 2012
gc
Date: Fri Jan  6 15:34:22 PST 2012
symbolic-ref HEAD
Date: Fri Jan  6 15:34:35 PST 2012
rev-parse --is-inside-git-dir
Date: Fri Jan  6 15:34:36 PST 2012
rev-parse --is-inside-work-tree
Date: Fri Jan  6 15:34:36 PST 2012
branch -a
Date: Fri Jan  6 15:35:00 PST 2012
symbolic-ref HEAD
Date: Fri Jan  6 15:35:01 PST 2012
rev-parse --is-inside-git-dir
Date: Fri Jan  6 15:35:01 PST 2012
rev-parse --is-inside-work-tree
Date: Fri Jan  6 15:35:02 PST 2012
symbolic-ref HEAD
Date: Fri Jan  6 15:35:08 PST 2012
rev-parse --is-inside-git-dir
Date: Fri Jan  6 15:35:08 PST 2012
rev-parse --is-inside-work-tree
Date: Fri Jan  6 15:35:09 PST 2012
symbolic-ref HEAD
Date: Fri Jan  6 15:35:17 PST 2012
rev-parse --is-inside-git-dir
Date: Fri Jan  6 15:35:17 PST 2012
rev-parse --is-inside-work-tree
Date: Fri Jan  6 15:35:18 PST 2012
symbolic-ref HEAD
Date: Fri Jan  6 15:36:22 PST 2012
rev-parse --is-inside-git-dir
Date: Fri Jan  6 15:36:22 PST 2012
rev-parse --is-inside-work-tree
Date: Fri Jan  6 15:36:23 PST 2012
symbolic-ref HEAD
Date: Fri Jan  6 15:36:24 PST 2012
rev-parse --is-inside-git-dir
Date: Fri Jan  6 15:36:25 PST 2012
rev-parse --is-inside-work-tree
Date: Fri Jan  6 15:36:25 PST 2012
push
Date: Fri Jan  6 15:36:35 PST 2012
symbolic-ref HEAD
Date: Fri Jan  6 15:36:54 PST 2012
rev-parse --is-inside-git-dir
Date: Fri Jan  6 15:36:55 PST 2012
rev-parse --is-inside-work-tree
Date: Fri Jan  6 15:36:55 PST 2012
status 
Date: Fri Jan  6 15:36:59 PST 2012
symbolic-ref HEAD
Date: Fri Jan  6 15:36:59 PST 2012
rev-parse --is-inside-git-dir
Date: Fri Jan  6 15:37:00 PST 2012
rev-parse --is-inside-work-tree
Date: Fri Jan  6 15:37:00 PST 2012
add README
Date: Fri Jan  6 15:37:06 PST 2012
symbolic-ref HEAD
Date: Fri Jan  6 15:37:06 PST 2012
rev-parse --is-inside-git-dir
Date: Fri Jan  6 15:37:07 PST 2012
rev-parse --is-inside-work-tree
Date: Fri Jan  6 15:37:07 PST 2012
status 
Date: Fri Jan  6 15:37:09 PST 2012
symbolic-ref HEAD
Date: Fri Jan  6 15:37:10 PST 2012
rev-parse --is-inside-git-dir
Date: Fri Jan  6 15:37:10 PST 2012
rev-parse --is-inside-work-tree
Date: Fri Jan  6 15:37:11 PST 2012
commit -m Changing the link to my git-achievement page so I can click directly to it.
Date: Fri Jan  6 15:38:09 PST 2012
symbolic-ref HEAD
Date: Fri Jan  6 15:38:26 PST 2012
rev-parse --is-inside-git-dir
Date: Fri Jan  6 15:38:26 PST 2012
rev-parse --is-inside-work-tree
Date: Fri Jan  6 15:38:27 PST 2012
config --global user.name Craig Mink
Date: Fri Jan  6 15:56:35 PST 2012
symbolic-ref HEAD
Date: Fri Jan  6 17:13:38 PST 2012
rev-parse --is-inside-git-dir
Date: Fri Jan  6 17:13:39 PST 2012
rev-parse --is-inside-work-tree
Date: Fri Jan  6 17:13:39 PST 2012
flow feature start one-layer-drawing
Date: Fri Jan  6 17:14:17 PST 2012
symbolic-ref HEAD
Date: Fri Jan  6 17:14:51 PST 2012
rev-parse --is-inside-git-dir
Date: Fri Jan  6 17:14:52 PST 2012
rev-parse --is-inside-work-tree
Date: Fri Jan  6 17:14:52 PST 2012
status 
Date: Fri Jan  6 17:16:05 PST 2012
symbolic-ref HEAD
Date: Fri Jan  6 17:16:06 PST 2012
rev-parse --is-inside-git-dir
Date: Fri Jan  6 17:16:06 PST 2012
rev-parse --is-inside-work-tree
Date: Fri Jan  6 17:16:07 PST 2012
log --graph 
Date: Fri Jan  6 17:17:44 PST 2012
symbolic-ref HEAD
Date: Fri Jan  6 17:17:58 PST 2012
rev-parse --is-inside-git-dir
Date: Fri Jan  6 17:17:58 PST 2012
rev-parse --is-inside-work-tree
Date: Fri Jan  6 17:17:59 PST 2012
symbolic-ref HEAD
Date: Fri Jan  6 18:14:17 PST 2012
rev-parse --is-inside-git-dir
Date: Fri Jan  6 18:14:18 PST 2012
rev-parse --is-inside-work-tree
Date: Fri Jan  6 18:14:18 PST 2012
symbolic-ref HEAD
Date: Fri Jan  6 18:14:19 PST 2012
rev-parse --is-inside-git-dir
Date: Fri Jan  6 18:14:19 PST 2012
rev-parse --is-inside-work-tree
Date: Fri Jan  6 18:14:20 PST 2012
gc
Date: Fri Jan  6 18:14:26 PST 2012
symbolic-ref HEAD
Date: Fri Jan  6 18:14:27 PST 2012
rev-parse --is-inside-git-dir
Date: Fri Jan  6 18:14:28 PST 2012
rev-parse --is-inside-work-tree
Date: Fri Jan  6 18:14:29 PST 2012
status 
Date: Fri Jan  6 18:14:47 PST 2012
symbolic-ref HEAD
Date: Fri Jan  6 18:14:48 PST 2012
rev-parse --is-inside-git-dir
Date: Fri Jan  6 18:14:48 PST 2012
rev-parse --is-inside-work-tree
Date: Fri Jan  6 18:14:49 PST 2012
branch -a
Date: Fri Jan  6 18:14:50 PST 2012
symbolic-ref HEAD
Date: Fri Jan  6 18:14:51 PST 2012
rev-parse --is-inside-git-dir
Date: Fri Jan  6 18:14:51 PST 2012
rev-parse --is-inside-work-tree
Date: Fri Jan  6 18:14:52 PST 2012
symbolic-ref HEAD
Date: Fri Jan  6 18:15:26 PST 2012
rev-parse --is-inside-git-dir
Date: Fri Jan  6 18:15:26 PST 2012
symbolic-ref HEAD
Date: Fri Jan  6 18:15:40 PST 2012
rev-parse --is-inside-git-dir
Date: Fri Jan  6 18:15:40 PST 2012
rev-parse --is-inside-work-tree
Date: Fri Jan  6 18:15:40 PST 2012
symbolic-ref HEAD
Date: Fri Jan  6 18:15:55 PST 2012
rev-parse --is-inside-git-dir
Date: Fri Jan  6 18:15:56 PST 2012
rev-parse --is-inside-work-tree
Date: Fri Jan  6 18:15:56 PST 2012
symbolic-ref HEAD
Date: Fri Jan  6 18:16:18 PST 2012
rev-parse --is-inside-git-dir
Date: Fri Jan  6 18:16:19 PST 2012
rev-parse --is-inside-work-tree
Date: Fri Jan  6 18:16:19 PST 2012
flow feature publish one-layer-drawing
Date: Fri Jan  6 18:16:31 PST 2012
symbolic-ref HEAD
Date: Fri Jan  6 18:16:32 PST 2012
rev-parse --is-inside-git-dir
Date: Fri Jan  6 18:16:32 PST 2012
rev-parse --is-inside-work-tree
Date: Fri Jan  6 18:16:33 PST 2012
flow feature help
Date: Fri Jan  6 18:21:22 PST 2012
symbolic-ref HEAD
Date: Fri Jan  6 18:21:37 PST 2012
rev-parse --is-inside-git-dir
Date: Fri Jan  6 18:21:37 PST 2012
rev-parse --is-inside-work-tree
Date: Fri Jan  6 18:21:38 PST 2012
symbolic-ref HEAD
Date: Fri Jan  6 18:25:58 PST 2012
rev-parse --is-inside-git-dir
Date: Fri Jan  6 18:25:59 PST 2012
rev-parse --is-inside-work-tree
Date: Fri Jan  6 18:25:59 PST 2012
symbolic-ref HEAD
Date: Fri Jan  6 18:26:07 PST 2012
rev-parse --is-inside-git-dir
Date: Fri Jan  6 18:26:07 PST 2012
rev-parse --is-inside-work-tree
Date: Fri Jan  6 18:26:08 PST 2012
status 
Date: Fri Jan  6 18:26:10 PST 2012
symbolic-ref HEAD
Date: Fri Jan  6 18:26:11 PST 2012
rev-parse --is-inside-git-dir
Date: Fri Jan  6 18:26:11 PST 2012
rev-parse --is-inside-work-tree
Date: Fri Jan  6 18:26:12 PST 2012
add src
Date: Fri Jan  6 18:26:53 PST 2012
symbolic-ref HEAD
Date: Fri Jan  6 18:27:05 PST 2012
rev-parse --is-inside-git-dir
Date: Fri Jan  6 18:27:06 PST 2012
rev-parse --is-inside-work-tree
Date: Fri Jan  6 18:27:06 PST 2012
help -a
Date: Fri Jan  6 18:28:22 PST 2012
--git-dir=.git config --get-regexp alias\..*
Date: Fri Jan  6 18:28:22 PST 2012
--git-dir=.git config --get-regexp alias\..*
Date: Fri Jan  6 18:28:23 PST 2012
--git-dir=.git config --get-regexp alias\..*
Date: Fri Jan  6 18:28:25 PST 2012
--git-dir=.git config --get-regexp alias\..*
Date: Fri Jan  6 18:28:26 PST 2012
--git-dir=.git config --get-regexp alias\..*
Date: Fri Jan  6 18:28:26 PST 2012
help ignore
Date: Fri Jan  6 18:28:31 PST 2012
symbolic-ref HEAD
Date: Fri Jan  6 18:28:32 PST 2012
rev-parse --is-inside-git-dir
Date: Fri Jan  6 18:28:32 PST 2012
rev-parse --is-inside-work-tree
Date: Fri Jan  6 18:28:33 PST 2012
symbolic-ref HEAD
Date: Fri Jan  6 18:30:35 PST 2012
rev-parse --is-inside-git-dir
Date: Fri Jan  6 18:30:36 PST 2012
rev-parse --is-inside-work-tree
Date: Fri Jan  6 18:30:36 PST 2012
symbolic-ref HEAD
Date: Fri Jan  6 18:30:50 PST 2012
rev-parse --is-inside-git-dir
Date: Fri Jan  6 18:30:51 PST 2012
rev-parse --is-inside-work-tree
Date: Fri Jan  6 18:30:51 PST 2012
--help
Date: Fri Jan  6 18:30:59 PST 2012
symbolic-ref HEAD
Date: Fri Jan  6 18:30:59 PST 2012
rev-parse --is-inside-git-dir
Date: Fri Jan  6 18:31:00 PST 2012
rev-parse --is-inside-work-tree
Date: Fri Jan  6 18:31:00 PST 2012
symbolic-ref HEAD
Date: Fri Jan  6 18:31:25 PST 2012
rev-parse --is-inside-git-dir
Date: Fri Jan  6 18:31:25 PST 2012
rev-parse --is-inside-work-tree
Date: Fri Jan  6 18:31:26 PST 2012
status 
Date: Fri Jan  6 18:31:28 PST 2012
symbolic-ref HEAD
Date: Fri Jan  6 18:31:28 PST 2012
rev-parse --is-inside-git-dir
Date: Fri Jan  6 18:31:29 PST 2012
rev-parse --is-inside-work-tree
Date: Fri Jan  6 18:31:29 PST 2012
add .gitignore
Date: Fri Jan  6 18:31:34 PST 2012
symbolic-ref HEAD
Date: Fri Jan  6 18:31:49 PST 2012
rev-parse --is-inside-git-dir
Date: Fri Jan  6 18:31:50 PST 2012
rev-parse --is-inside-work-tree
Date: Fri Jan  6 18:31:50 PST 2012
add bat
Date: Fri Jan  6 18:33:09 PST 2012
symbolic-ref HEAD
Date: Fri Jan  6 18:33:28 PST 2012
rev-parse --is-inside-git-dir
Date: Fri Jan  6 18:33:28 PST 2012
rev-parse --is-inside-work-tree
Date: Fri Jan  6 18:33:28 PST 2012
status 
Date: Fri Jan  6 18:33:33 PST 2012
symbolic-ref HEAD
Date: Fri Jan  6 18:33:34 PST 2012
rev-parse --is-inside-git-dir
Date: Fri Jan  6 18:33:34 PST 2012
rev-parse --is-inside-work-tree
Date: Fri Jan  6 18:33:35 PST 2012
add AIR_readme.txt Kaleidoscope.as3proj PackageApp.bat Run.bat application.xml
Date: Fri Jan  6 18:33:50 PST 2012
symbolic-ref HEAD
Date: Fri Jan  6 18:33:51 PST 2012
rev-parse --is-inside-git-dir
Date: Fri Jan  6 18:33:51 PST 2012
rev-parse --is-inside-work-tree
Date: Fri Jan  6 18:33:52 PST 2012
status 
Date: Fri Jan  6 18:33:55 PST 2012
symbolic-ref HEAD
Date: Fri Jan  6 18:33:55 PST 2012
rev-parse --is-inside-git-dir
Date: Fri Jan  6 18:33:56 PST 2012
rev-parse --is-inside-work-tree
Date: Fri Jan  6 18:33:56 PST 2012
add .gitignore
Date: Fri Jan  6 18:34:02 PST 2012
symbolic-ref HEAD
Date: Fri Jan  6 18:34:03 PST 2012
rev-parse --is-inside-git-dir
Date: Fri Jan  6 18:34:03 PST 2012
rev-parse --is-inside-work-tree
Date: Fri Jan  6 18:34:04 PST 2012
status 
Date: Fri Jan  6 18:34:06 PST 2012
symbolic-ref HEAD
Date: Fri Jan  6 18:34:06 PST 2012
rev-parse --is-inside-git-dir
Date: Fri Jan  6 18:34:07 PST 2012
rev-parse --is-inside-work-tree
Date: Fri Jan  6 18:34:07 PST 2012
commit -am Cleaning up repo and preparing for FlashDevelop development.
Date: Fri Jan  6 18:34:44 PST 2012
symbolic-ref HEAD
Date: Fri Jan  6 18:34:45 PST 2012
rev-parse --is-inside-git-dir
Date: Fri Jan  6 18:34:46 PST 2012
rev-parse --is-inside-work-tree
Date: Fri Jan  6 18:34:46 PST 2012
status 
Date: Fri Jan  6 18:34:49 PST 2012
symbolic-ref HEAD
Date: Fri Jan  6 18:34:50 PST 2012
rev-parse --is-inside-git-dir
Date: Fri Jan  6 18:34:50 PST 2012
rev-parse --is-inside-work-tree
Date: Fri Jan  6 18:34:51 PST 2012
push
Date: Fri Jan  6 18:34:54 PST 2012
symbolic-ref HEAD
Date: Fri Jan  6 18:34:55 PST 2012
rev-parse --is-inside-git-dir
Date: Fri Jan  6 18:34:55 PST 2012
rev-parse --is-inside-work-tree
Date: Fri Jan  6 18:34:56 PST 2012
status 
Date: Fri Jan  6 18:34:58 PST 2012
symbolic-ref HEAD
Date: Fri Jan  6 18:34:58 PST 2012
rev-parse --is-inside-git-dir
Date: Fri Jan  6 18:34:59 PST 2012
rev-parse --is-inside-work-tree
Date: Fri Jan  6 18:34:59 PST 2012
log
Date: Fri Jan  6 18:35:03 PST 2012
symbolic-ref HEAD
Date: Fri Jan  6 18:35:03 PST 2012
rev-parse --is-inside-git-dir
Date: Fri Jan  6 18:35:04 PST 2012
rev-parse --is-inside-work-tree
Date: Fri Jan  6 18:35:04 PST 2012
status 
Date: Fri Jan  6 18:35:11 PST 2012
symbolic-ref HEAD
Date: Fri Jan  6 18:35:12 PST 2012
rev-parse --is-inside-git-dir
Date: Fri Jan  6 18:35:12 PST 2012
rev-parse --is-inside-work-tree
Date: Fri Jan  6 18:35:13 PST 2012
flow init
Date: Fri Jan  6 18:35:53 PST 2012
symbolic-ref HEAD
Date: Fri Jan  6 18:35:54 PST 2012
rev-parse --is-inside-git-dir
Date: Fri Jan  6 18:35:55 PST 2012
rev-parse --is-inside-work-tree
Date: Fri Jan  6 18:35:55 PST 2012
status 
Date: Fri Jan  6 18:36:03 PST 2012
symbolic-ref HEAD
Date: Fri Jan  6 18:36:03 PST 2012
rev-parse --is-inside-git-dir
Date: Fri Jan  6 18:36:04 PST 2012
rev-parse --is-inside-work-tree
Date: Fri Jan  6 18:36:04 PST 2012
branch -a
Date: Fri Jan  6 18:36:09 PST 2012
symbolic-ref HEAD
Date: Fri Jan  6 18:36:10 PST 2012
rev-parse --is-inside-git-dir
Date: Fri Jan  6 18:36:10 PST 2012
rev-parse --is-inside-work-tree
Date: Fri Jan  6 18:36:11 PST 2012
--help push
Date: Fri Jan  6 18:36:20 PST 2012
symbolic-ref HEAD
Date: Fri Jan  6 18:36:21 PST 2012
rev-parse --is-inside-git-dir
Date: Fri Jan  6 18:36:22 PST 2012
rev-parse --is-inside-work-tree
Date: Fri Jan  6 18:36:22 PST 2012
symbolic-ref HEAD
Date: Fri Jan  6 18:39:04 PST 2012
rev-parse --is-inside-git-dir
Date: Fri Jan  6 18:39:04 PST 2012
rev-parse --is-inside-work-tree
Date: Fri Jan  6 18:39:05 PST 2012
flow version
Date: Fri Jan  6 18:39:15 PST 2012
symbolic-ref HEAD
Date: Fri Jan  6 18:39:16 PST 2012
rev-parse --is-inside-git-dir
Date: Fri Jan  6 18:39:16 PST 2012
rev-parse --is-inside-work-tree
Date: Fri Jan  6 18:39:17 PST 2012
symbolic-ref HEAD
Date: Fri Jan  6 18:39:29 PST 2012
rev-parse --is-inside-git-dir
Date: Fri Jan  6 18:39:29 PST 2012
rev-parse --is-inside-work-tree
Date: Fri Jan  6 18:39:30 PST 2012
push
Date: Fri Jan  6 18:40:16 PST 2012
symbolic-ref HEAD
Date: Fri Jan  6 18:40:17 PST 2012
rev-parse --is-inside-git-dir
Date: Fri Jan  6 18:40:17 PST 2012
rev-parse --is-inside-work-tree
Date: Fri Jan  6 18:40:18 PST 2012
branch -a
Date: Fri Jan  6 18:40:21 PST 2012
symbolic-ref HEAD
Date: Fri Jan  6 18:40:22 PST 2012
rev-parse --is-inside-git-dir
Date: Fri Jan  6 18:40:22 PST 2012
rev-parse --is-inside-work-tree
Date: Fri Jan  6 18:40:23 PST 2012
symbolic-ref HEAD
Date: Fri Jan  6 18:40:31 PST 2012
rev-parse --is-inside-git-dir
Date: Fri Jan  6 18:40:32 PST 2012
rev-parse --is-inside-work-tree
Date: Fri Jan  6 18:40:33 PST 2012
push origin develop
Date: Fri Jan  6 18:41:14 PST 2012
symbolic-ref HEAD
Date: Fri Jan  6 18:41:26 PST 2012
rev-parse --is-inside-git-dir
Date: Fri Jan  6 18:41:27 PST 2012
rev-parse --is-inside-work-tree
Date: Fri Jan  6 18:41:27 PST 2012
branch -a
Date: Fri Jan  6 18:41:33 PST 2012
symbolic-ref HEAD
Date: Fri Jan  6 18:41:34 PST 2012
rev-parse --is-inside-git-dir
Date: Fri Jan  6 18:41:35 PST 2012
rev-parse --is-inside-work-tree
Date: Fri Jan  6 18:41:35 PST 2012
gc
Date: Fri Jan  6 18:41:42 PST 2012
symbolic-ref HEAD
Date: Fri Jan  6 18:41:54 PST 2012
rev-parse --is-inside-git-dir
Date: Fri Jan  6 18:41:55 PST 2012
rev-parse --is-inside-work-tree
Date: Fri Jan  6 18:41:56 PST 2012
symbolic-ref HEAD
Date: Fri Jan  6 18:43:10 PST 2012
rev-parse --is-inside-git-dir
Date: Fri Jan  6 18:43:10 PST 2012
rev-parse --is-inside-work-tree
Date: Fri Jan  6 18:43:10 PST 2012
symbolic-ref HEAD
Date: Fri Jan  6 18:43:15 PST 2012
rev-parse --is-inside-git-dir
Date: Fri Jan  6 18:43:15 PST 2012
rev-parse --is-inside-work-tree
Date: Fri Jan  6 18:43:16 PST 2012
config --global -e
Date: Mon Jan  9 09:46:15 PST 2012
config --global -e
Date: Mon Jan  9 09:52:43 PST 2012
config --global -e
Date: Mon Jan  9 09:53:40 PST 2012
config --global -e
Date: Mon Jan  9 09:54:04 PST 2012
config --global -e
Date: Mon Jan  9 09:54:23 PST 2012
config --global -e
Date: Mon Jan  9 09:54:42 PST 2012
config --global -e
Date: Mon Jan  9 09:55:03 PST 2012
config --global -e
Date: Mon Jan  9 09:55:12 PST 2012
config --global -e
Date: Mon Jan  9 09:55:28 PST 2012
config --global -e
Date: Mon Jan  9 09:55:40 PST 2012
config --global -e
Date: Mon Jan  9 09:56:53 PST 2012
config --global -e
Date: Mon Jan  9 11:28:23 PST 2012
config --global -e
Date: Mon Jan  9 11:28:31 PST 2012
config --local -e
Date: Mon Jan  9 11:29:21 PST 2012
symbolic-ref HEAD
Date: Mon Jan  9 11:29:49 PST 2012
rev-parse --is-inside-git-dir
Date: Mon Jan  9 11:29:50 PST 2012
rev-parse --is-inside-work-tree
Date: Mon Jan  9 11:29:50 PST 2012
config --local -e
Date: Mon Jan  9 11:30:09 PST 2012
symbolic-ref HEAD
Date: Mon Jan  9 11:30:10 PST 2012
rev-parse --is-inside-git-dir
Date: Mon Jan  9 11:30:10 PST 2012
rev-parse --is-inside-work-tree
Date: Mon Jan  9 11:30:11 PST 2012
symbolic-ref HEAD
Date: Mon Jan  9 11:30:19 PST 2012
rev-parse --is-inside-git-dir
Date: Mon Jan  9 11:30:19 PST 2012
rev-parse --is-inside-work-tree
Date: Mon Jan  9 11:30:20 PST 2012
config --global -e
Date: Mon Jan  9 11:31:36 PST 2012
config --global -e
Date: Mon Jan  9 11:31:42 PST 2012
config --global --edit
Date: Mon Jan  9 11:55:44 PST 2012
symbolic-ref HEAD
Date: Mon Jan  9 11:55:59 PST 2012
rev-parse --is-inside-git-dir
Date: Mon Jan  9 11:55:59 PST 2012
rev-parse --is-inside-work-tree
Date: Mon Jan  9 11:56:00 PST 2012
log --graph 
Date: Mon Jan  9 11:56:05 PST 2012
symbolic-ref HEAD
Date: Mon Jan  9 11:56:06 PST 2012
rev-parse --is-inside-git-dir
Date: Mon Jan  9 11:56:07 PST 2012
rev-parse --is-inside-work-tree
Date: Mon Jan  9 11:56:07 PST 2012
status 
Date: Mon Jan  9 11:56:16 PST 2012
symbolic-ref HEAD
Date: Mon Jan  9 11:56:17 PST 2012
rev-parse --is-inside-git-dir
Date: Mon Jan  9 11:56:17 PST 2012
rev-parse --is-inside-work-tree
Date: Mon Jan  9 11:56:17 PST 2012
flow feature
Date: Mon Jan  9 11:56:28 PST 2012
symbolic-ref HEAD
Date: Mon Jan  9 11:56:29 PST 2012
rev-parse --is-inside-git-dir
Date: Mon Jan  9 11:56:30 PST 2012
rev-parse --is-inside-work-tree
Date: Mon Jan  9 11:56:30 PST 2012
flow feature help
Date: Mon Jan  9 11:56:36 PST 2012
symbolic-ref HEAD
Date: Mon Jan  9 11:56:50 PST 2012
rev-parse --is-inside-git-dir
Date: Mon Jan  9 11:56:50 PST 2012
rev-parse --is-inside-work-tree
Date: Mon Jan  9 11:56:51 PST 2012
flow feature list
Date: Mon Jan  9 11:57:17 PST 2012
symbolic-ref HEAD
Date: Mon Jan  9 11:57:18 PST 2012
rev-parse --is-inside-git-dir
Date: Mon Jan  9 11:57:18 PST 2012
rev-parse --is-inside-work-tree
Date: Mon Jan  9 11:57:19 PST 2012
symbolic-ref HEAD
Date: Mon Jan  9 11:58:09 PST 2012
rev-parse --is-inside-git-dir
Date: Mon Jan  9 11:58:09 PST 2012
rev-parse --is-inside-work-tree
Date: Mon Jan  9 11:58:10 PST 2012
symbolic-ref HEAD
Date: Mon Jan  9 11:58:10 PST 2012
rev-parse --is-inside-git-dir
Date: Mon Jan  9 11:58:11 PST 2012
rev-parse --is-inside-work-tree
Date: Mon Jan  9 11:58:11 PST 2012
symbolic-ref HEAD
Date: Mon Jan  9 11:58:12 PST 2012
rev-parse --is-inside-git-dir
Date: Mon Jan  9 11:58:12 PST 2012
rev-parse --is-inside-work-tree
Date: Mon Jan  9 11:58:12 PST 2012
status 
Date: Mon Jan  9 11:58:15 PST 2012
symbolic-ref HEAD
Date: Mon Jan  9 11:58:15 PST 2012
rev-parse --is-inside-git-dir
Date: Mon Jan  9 11:58:16 PST 2012
rev-parse --is-inside-work-tree
Date: Mon Jan  9 11:58:16 PST 2012
branch -a
Date: Mon Jan  9 11:58:19 PST 2012
symbolic-ref HEAD
Date: Mon Jan  9 11:58:20 PST 2012
rev-parse --is-inside-git-dir
Date: Mon Jan  9 11:58:20 PST 2012
rev-parse --is-inside-work-tree
Date: Mon Jan  9 11:58:21 PST 2012
symbolic-ref HEAD
Date: Mon Jan  9 11:58:41 PST 2012
rev-parse --is-inside-git-dir
Date: Mon Jan  9 11:58:42 PST 2012
rev-parse --is-inside-work-tree
Date: Mon Jan  9 11:58:42 PST 2012
symbolic-ref HEAD
Date: Mon Jan  9 11:58:46 PST 2012
rev-parse --is-inside-git-dir
Date: Mon Jan  9 11:58:47 PST 2012
rev-parse --is-inside-work-tree
Date: Mon Jan  9 11:58:47 PST 2012
symbolic-ref HEAD
Date: Mon Jan  9 12:34:01 PST 2012
rev-parse --is-inside-git-dir
Date: Mon Jan  9 12:34:02 PST 2012
rev-parse --is-inside-work-tree
Date: Mon Jan  9 12:34:03 PST 2012
status 
Date: Mon Jan  9 12:34:05 PST 2012
symbolic-ref HEAD
Date: Mon Jan  9 12:34:05 PST 2012
rev-parse --is-inside-git-dir
Date: Mon Jan  9 12:34:06 PST 2012
rev-parse --is-inside-work-tree
Date: Mon Jan  9 12:34:06 PST 2012
add log/
Date: Mon Jan  9 12:34:10 PST 2012
symbolic-ref HEAD
Date: Mon Jan  9 12:34:11 PST 2012
rev-parse --is-inside-git-dir
Date: Mon Jan  9 12:34:11 PST 2012
rev-parse --is-inside-work-tree
Date: Mon Jan  9 12:34:12 PST 2012
status 
Date: Mon Jan  9 12:34:15 PST 2012
symbolic-ref HEAD
Date: Mon Jan  9 12:34:16 PST 2012
rev-parse --is-inside-git-dir
Date: Mon Jan  9 12:34:16 PST 2012
rev-parse --is-inside-work-tree
Date: Mon Jan  9 12:34:17 PST 2012
add git-achievements
Date: Mon Jan  9 12:34:21 PST 2012
symbolic-ref HEAD
Date: Mon Jan  9 12:34:31 PST 2012
rev-parse --is-inside-git-dir
Date: Mon Jan  9 12:34:31 PST 2012
rev-parse --is-inside-work-tree
Date: Mon Jan  9 12:34:32 PST 2012
status 
Date: Mon Jan  9 12:34:39 PST 2012
symbolic-ref HEAD
Date: Mon Jan  9 12:34:40 PST 2012
rev-parse --is-inside-git-dir
Date: Mon Jan  9 12:34:41 PST 2012
rev-parse --is-inside-work-tree
Date: Mon Jan  9 12:34:41 PST 2012
